<?xml version="1.0" encoding="UTF-8"?>
<!-- Generated by org.testng.reporters.JUnitReportReporter -->
<testsuite hostname="DESKTOP-56QICGD" failures="0" tests="4" name="testng.DataProviderDemo" time="28.407" errors="0" timestamp="2025-06-20T15:09:25 IST" skipped="0">
  <testcase classname="testng.DataProviderDemo" name="login" time="8.094"/>
  <testcase classname="testng.DataProviderDemo" name="login" time="6.809"/>
  <testcase classname="testng.DataProviderDemo" name="login" time="6.403"/>
  <testcase classname="testng.DataProviderDemo" name="login" time="7.101"/>
</testsuite> <!-- testng.DataProviderDemo -->
