<?xml version="1.0" encoding="UTF-8"?>
<!-- Generated by org.testng.reporters.JUnitReportReporter -->
<testsuite hostname="DESKTOP-56QICGD" failures="0" tests="1" name="testng.WorkingWithAssertions" time="0.021" errors="0" timestamp="2025-07-17T16:39:34 IST" skipped="0">
  <testcase classname="testng.WorkingWithAssertions" name="test" time="0.021"/>
</testsuite> <!-- testng.WorkingWithAssertions -->
