<?xml version="1.0" encoding="UTF-8"?>
<!-- Generated by org.testng.reporters.JUnitReportReporter -->
<testsuite hostname="DESKTOP-56QICGD" failures="0" tests="1" name="testng.WorkingWithIRetryAnalayzer" time="0.009" errors="0" timestamp="2025-07-09T18:35:32 IST" skipped="0">
  <testcase classname="testng.WorkingWithIRetryAnalayzer" name="test" time="0.009"/>
</testsuite> <!-- testng.WorkingWithIRetryAnalayzer -->
